INFO: [VRFC 10-163] Analyzing VHDL file "/home/chenel/4A/Automates/compiler/microprocesseur/microprocesseur.srcs/sim_1/new/CPU_Sim.vhd" into library xil_defaultlib
INFO: [VRFC 10-307] analyzing entity CPU_Sim
INFO: [VRFC 10-163] Analyzing VHDL file "/home/chenel/4A/Automates/compiler/microprocesseur/microprocesseur.srcs/sim_1/new/CPU_Sim.vhd" into library xil_defaultlib
INFO: [VRFC 10-307] analyzing entity CPU_Sim
INFO: [VRFC 10-163] Analyzing VHDL file "/home/chenel/4A/Automates/compiler/microprocesseur/microprocesseur.srcs/sim_1/new/CPU_Sim.vhd" into library xil_defaultlib
INFO: [VRFC 10-307] analyzing entity CPU_Sim
INFO: [VRFC 10-163] Analyzing VHDL file "/home/chenel/4A/Automates/compiler/microprocesseur/microprocesseur.srcs/sim_1/new/CPU_Sim.vhd" into library xil_defaultlib
INFO: [VRFC 10-307] analyzing entity CPU_Sim
INFO: [VRFC 10-163] Analyzing VHDL file "/home/chenel/4A/Automates/compiler/microprocesseur/microprocesseur.srcs/sources_1/new/ALU.vhd" into library xil_defaultlib
INFO: [VRFC 10-307] analyzing entity ALU
INFO: [VRFC 10-163] Analyzing VHDL file "/home/chenel/4A/Automates/compiler/microprocesseur/microprocesseur.srcs/sources_1/new/BancRegistre.vhd" into library xil_defaultlib
INFO: [VRFC 10-307] analyzing entity BancRegistre
INFO: [VRFC 10-163] Analyzing VHDL file "/home/chenel/4A/Automates/compiler/microprocesseur/microprocesseur.srcs/sources_1/new/CPU.vhd" into library xil_defaultlib
INFO: [VRFC 10-307] analyzing entity CPU
INFO: [VRFC 10-163] Analyzing VHDL file "/home/chenel/4A/Automates/compiler/microprocesseur/microprocesseur.srcs/sources_1/new/DataMemory.vhd" into library xil_defaultlib
INFO: [VRFC 10-307] analyzing entity DataMemory
INFO: [VRFC 10-163] Analyzing VHDL file "/home/chenel/4A/Automates/compiler/microprocesseur/microprocesseur.srcs/sources_1/new/InstructionMemory.vhd" into library xil_defaultlib
INFO: [VRFC 10-307] analyzing entity InstructionMemory
INFO: [VRFC 10-163] Analyzing VHDL file "/home/chenel/4A/Automates/compiler/microprocesseur/microprocesseur.srcs/sources_1/new/Pipeline.vhd" into library xil_defaultlib
INFO: [VRFC 10-307] analyzing entity Pipeline
INFO: [VRFC 10-163] Analyzing VHDL file "/home/chenel/4A/Automates/compiler/microprocesseur/microprocesseur.srcs/sim_1/new/CPU_Sim.vhd" into library xil_defaultlib
INFO: [VRFC 10-307] analyzing entity CPU_Sim
INFO: [VRFC 10-163] Analyzing VHDL file "/home/chenel/4A/Automates/compiler/microprocesseur/microprocesseur.srcs/sim_1/new/CPU_Sim.vhd" into library xil_defaultlib
INFO: [VRFC 10-307] analyzing entity CPU_Sim
INFO: [VRFC 10-163] Analyzing VHDL file "/home/chenel/4A/Automates/compiler/microprocesseur/microprocesseur.srcs/sources_1/new/CPU.vhd" into library xil_defaultlib
INFO: [VRFC 10-307] analyzing entity CPU
INFO: [VRFC 10-163] Analyzing VHDL file "/home/chenel/4A/Automates/compiler/microprocesseur/microprocesseur.srcs/sources_1/new/InstructionMemory.vhd" into library xil_defaultlib
INFO: [VRFC 10-307] analyzing entity InstructionMemory
INFO: [VRFC 10-163] Analyzing VHDL file "/home/chenel/4A/Automates/compiler/microprocesseur/microprocesseur.srcs/sources_1/new/InstructionMemory.vhd" into library xil_defaultlib
INFO: [VRFC 10-307] analyzing entity InstructionMemory
INFO: [VRFC 10-163] Analyzing VHDL file "/home/chenel/4A/Automates/compiler/microprocesseur/microprocesseur.srcs/sources_1/new/InstructionMemory.vhd" into library xil_defaultlib
INFO: [VRFC 10-307] analyzing entity InstructionMemory
INFO: [VRFC 10-163] Analyzing VHDL file "/home/chenel/4A/Automates/compiler/microprocesseur/microprocesseur.srcs/sources_1/new/ALU.vhd" into library xil_defaultlib
INFO: [VRFC 10-307] analyzing entity ALU
INFO: [VRFC 10-163] Analyzing VHDL file "/home/chenel/4A/Automates/compiler/microprocesseur/microprocesseur.srcs/sources_1/new/ALU.vhd" into library xil_defaultlib
INFO: [VRFC 10-307] analyzing entity ALU
INFO: [VRFC 10-163] Analyzing VHDL file "/home/chenel/4A/Automates/compiler/microprocesseur/microprocesseur.srcs/sources_1/new/InstructionMemory.vhd" into library xil_defaultlib
INFO: [VRFC 10-307] analyzing entity InstructionMemory
INFO: [VRFC 10-163] Analyzing VHDL file "/home/chenel/4A/Automates/compiler/microprocesseur/microprocesseur.srcs/sources_1/new/InstructionMemory.vhd" into library xil_defaultlib
INFO: [VRFC 10-307] analyzing entity InstructionMemory
INFO: [VRFC 10-163] Analyzing VHDL file "/home/chenel/4A/Automates/compiler/microprocesseur/microprocesseur.srcs/sim_1/new/CPU_Sim.vhd" into library xil_defaultlib
INFO: [VRFC 10-307] analyzing entity CPU_Sim
INFO: [VRFC 10-163] Analyzing VHDL file "/home/chenel/4A/Automates/compiler/microprocesseur/microprocesseur.srcs/sources_1/new/ALU.vhd" into library xil_defaultlib
INFO: [VRFC 10-307] analyzing entity ALU
INFO: [VRFC 10-163] Analyzing VHDL file "/home/chenel/4A/Automates/compiler/microprocesseur/microprocesseur.srcs/sim_1/new/CPU_Sim.vhd" into library xil_defaultlib
INFO: [VRFC 10-307] analyzing entity CPU_Sim
INFO: [VRFC 10-163] Analyzing VHDL file "/home/chenel/4A/Automates/compiler/microprocesseur/microprocesseur.srcs/sim_1/new/CPU_Sim.vhd" into library xil_defaultlib
INFO: [VRFC 10-307] analyzing entity CPU_Sim
INFO: [VRFC 10-163] Analyzing VHDL file "/home/chenel/4A/Automates/compiler/microprocesseur/microprocesseur.srcs/sim_1/new/CPU_Sim.vhd" into library xil_defaultlib
INFO: [VRFC 10-307] analyzing entity CPU_Sim
INFO: [VRFC 10-163] Analyzing VHDL file "/home/chenel/4A/Automates/compiler/microprocesseur/microprocesseur.srcs/sim_1/new/CPU_Sim.vhd" into library xil_defaultlib
INFO: [VRFC 10-307] analyzing entity CPU_Sim
INFO: [VRFC 10-163] Analyzing VHDL file "/home/chenel/4A/Automates/compiler/microprocesseur/microprocesseur.srcs/sim_1/new/CPU_Sim.vhd" into library xil_defaultlib
INFO: [VRFC 10-307] analyzing entity CPU_Sim
INFO: [VRFC 10-163] Analyzing VHDL file "/home/chenel/4A/Automates/compiler/microprocesseur/microprocesseur.srcs/sim_1/new/CPU_Sim.vhd" into library xil_defaultlib
INFO: [VRFC 10-307] analyzing entity CPU_Sim
INFO: [VRFC 10-163] Analyzing VHDL file "/home/chenel/4A/Automates/compiler/microprocesseur/microprocesseur.srcs/sim_1/new/CPU_Sim.vhd" into library xil_defaultlib
INFO: [VRFC 10-307] analyzing entity CPU_Sim
INFO: [VRFC 10-163] Analyzing VHDL file "/home/chenel/4A/Automates/compiler/microprocesseur/microprocesseur.srcs/sim_1/new/CPU_Sim.vhd" into library xil_defaultlib
INFO: [VRFC 10-307] analyzing entity CPU_Sim
ERROR: [VRFC 10-91] rst is not declared [/home/chenel/4A/Automates/compiler/microprocesseur/microprocesseur.srcs/sim_1/new/CPU_Sim.vhd:73]
ERROR: [VRFC 10-1504] unit behavioral ignored due to previous errors [/home/chenel/4A/Automates/compiler/microprocesseur/microprocesseur.srcs/sim_1/new/CPU_Sim.vhd:40]
INFO: [VRFC 10-240] VHDL file /home/chenel/4A/Automates/compiler/microprocesseur/microprocesseur.srcs/sim_1/new/CPU_Sim.vhd ignored due to errors
INFO: [VRFC 10-163] Analyzing VHDL file "/home/chenel/4A/Automates/compiler/microprocesseur/microprocesseur.srcs/sim_1/new/CPU_Sim.vhd" into library xil_defaultlib
INFO: [VRFC 10-307] analyzing entity CPU_Sim
INFO: [VRFC 10-163] Analyzing VHDL file "/home/chenel/4A/Automates/compiler/microprocesseur/microprocesseur.srcs/sim_1/new/CPU_Sim.vhd" into library xil_defaultlib
INFO: [VRFC 10-307] analyzing entity CPU_Sim
INFO: [VRFC 10-163] Analyzing VHDL file "/home/chenel/4A/Automates/compiler/microprocesseur/microprocesseur.srcs/sources_1/new/InstructionMemory.vhd" into library xil_defaultlib
INFO: [VRFC 10-307] analyzing entity InstructionMemory
INFO: [VRFC 10-163] Analyzing VHDL file "/home/chenel/4A/Automates/compiler/microprocesseur/microprocesseur.srcs/sim_1/new/CPU_Sim.vhd" into library xil_defaultlib
INFO: [VRFC 10-307] analyzing entity CPU_Sim
INFO: [VRFC 10-163] Analyzing VHDL file "/home/chenel/4A/Automates/compiler/microprocesseur/microprocesseur.srcs/sim_1/new/CPU_Sim.vhd" into library xil_defaultlib
INFO: [VRFC 10-307] analyzing entity CPU_Sim
INFO: [VRFC 10-163] Analyzing VHDL file "/home/chenel/4A/Automates/compiler/microprocesseur/microprocesseur.srcs/sim_1/new/CPU_Sim.vhd" into library xil_defaultlib
INFO: [VRFC 10-307] analyzing entity CPU_Sim
INFO: [VRFC 10-163] Analyzing VHDL file "/home/chenel/4A/Automates/compiler/microprocesseur/microprocesseur.srcs/sim_1/new/CPU_Sim.vhd" into library xil_defaultlib
INFO: [VRFC 10-307] analyzing entity CPU_Sim
INFO: [VRFC 10-163] Analyzing VHDL file "/home/chenel/4A/Automates/compiler/microprocesseur/microprocesseur.srcs/sources_1/new/ALU.vhd" into library xil_defaultlib
INFO: [VRFC 10-307] analyzing entity ALU
INFO: [VRFC 10-163] Analyzing VHDL file "/home/chenel/4A/Automates/compiler/microprocesseur/microprocesseur.srcs/sources_1/new/ALU.vhd" into library xil_defaultlib
INFO: [VRFC 10-307] analyzing entity ALU
INFO: [VRFC 10-163] Analyzing VHDL file "/home/chenel/4A/Automates/compiler/microprocesseur/microprocesseur.srcs/sources_1/new/ALU.vhd" into library xil_defaultlib
INFO: [VRFC 10-307] analyzing entity ALU
INFO: [VRFC 10-163] Analyzing VHDL file "/home/chenel/4A/Automates/compiler/microprocesseur/microprocesseur.srcs/sources_1/new/InstructionMemory.vhd" into library xil_defaultlib
INFO: [VRFC 10-307] analyzing entity InstructionMemory
INFO: [VRFC 10-163] Analyzing VHDL file "/home/chenel/4A/Automates/compiler/microprocesseur/microprocesseur.srcs/sources_1/new/InstructionMemory.vhd" into library xil_defaultlib
INFO: [VRFC 10-307] analyzing entity InstructionMemory
INFO: [VRFC 10-163] Analyzing VHDL file "/home/chenel/4A/Automates/compiler/microprocesseur/microprocesseur.srcs/sources_1/new/CPU.vhd" into library xil_defaultlib
INFO: [VRFC 10-307] analyzing entity CPU
INFO: [VRFC 10-163] Analyzing VHDL file "/home/chenel/4A/Automates/compiler/microprocesseur/microprocesseur.srcs/sources_1/new/InstructionMemory.vhd" into library xil_defaultlib
INFO: [VRFC 10-307] analyzing entity InstructionMemory
INFO: [VRFC 10-163] Analyzing VHDL file "/home/chenel/4A/Automates/compiler/microprocesseur/microprocesseur.srcs/sources_1/new/InstructionMemory.vhd" into library xil_defaultlib
INFO: [VRFC 10-307] analyzing entity InstructionMemory
INFO: [VRFC 10-163] Analyzing VHDL file "/home/chenel/4A/Automates/compiler/microprocesseur/microprocesseur.srcs/sources_1/new/CPU.vhd" into library xil_defaultlib
INFO: [VRFC 10-307] analyzing entity CPU
INFO: [VRFC 10-163] Analyzing VHDL file "/home/chenel/4A/Automates/compiler/microprocesseur/microprocesseur.srcs/sources_1/new/CPU.vhd" into library xil_defaultlib
INFO: [VRFC 10-307] analyzing entity CPU
INFO: [VRFC 10-163] Analyzing VHDL file "/home/chenel/4A/Automates/compiler/microprocesseur/microprocesseur.srcs/sources_1/new/CPU.vhd" into library xil_defaultlib
INFO: [VRFC 10-307] analyzing entity CPU
INFO: [VRFC 10-163] Analyzing VHDL file "/home/chenel/4A/Automates/compiler/microprocesseur/microprocesseur.srcs/sources_1/new/CPU.vhd" into library xil_defaultlib
INFO: [VRFC 10-307] analyzing entity CPU
INFO: [VRFC 10-163] Analyzing VHDL file "/home/chenel/4A/Automates/compiler/microprocesseur/microprocesseur.srcs/sources_1/new/CPU.vhd" into library xil_defaultlib
INFO: [VRFC 10-307] analyzing entity CPU
INFO: [VRFC 10-163] Analyzing VHDL file "/home/chenel/4A/Automates/compiler/microprocesseur/microprocesseur.srcs/sources_1/new/BancRegistre.vhd" into library xil_defaultlib
INFO: [VRFC 10-307] analyzing entity BancRegistre
INFO: [VRFC 10-163] Analyzing VHDL file "/home/chenel/4A/Automates/compiler/microprocesseur/microprocesseur.srcs/sources_1/new/InstructionMemory.vhd" into library xil_defaultlib
INFO: [VRFC 10-307] analyzing entity InstructionMemory
INFO: [VRFC 10-163] Analyzing VHDL file "/home/chenel/4A/Automates/compiler/microprocesseur/microprocesseur.srcs/sources_1/new/BancRegistre.vhd" into library xil_defaultlib
INFO: [VRFC 10-307] analyzing entity BancRegistre
INFO: [VRFC 10-163] Analyzing VHDL file "/home/chenel/4A/Automates/compiler/microprocesseur/microprocesseur.srcs/sources_1/new/InstructionMemory.vhd" into library xil_defaultlib
INFO: [VRFC 10-307] analyzing entity InstructionMemory
INFO: [VRFC 10-163] Analyzing VHDL file "/home/chenel/4A/Automates/compiler/microprocesseur/microprocesseur.srcs/sources_1/new/InstructionMemory.vhd" into library xil_defaultlib
INFO: [VRFC 10-307] analyzing entity InstructionMemory
INFO: [VRFC 10-163] Analyzing VHDL file "/home/chenel/4A/Automates/compiler/microprocesseur/microprocesseur.srcs/sources_1/new/CPU.vhd" into library xil_defaultlib
INFO: [VRFC 10-307] analyzing entity CPU
INFO: [VRFC 10-163] Analyzing VHDL file "/home/chenel/4A/Automates/compiler/microprocesseur/microprocesseur.srcs/sources_1/new/CPU.vhd" into library xil_defaultlib
INFO: [VRFC 10-307] analyzing entity CPU
INFO: [VRFC 10-163] Analyzing VHDL file "/home/chenel/4A/Automates/compiler/microprocesseur/microprocesseur.srcs/sources_1/new/InstructionMemory.vhd" into library xil_defaultlib
INFO: [VRFC 10-307] analyzing entity InstructionMemory
INFO: [VRFC 10-163] Analyzing VHDL file "/home/chenel/4A/Automates/compiler/microprocesseur/microprocesseur.srcs/sources_1/new/DataMemory.vhd" into library xil_defaultlib
INFO: [VRFC 10-307] analyzing entity DataMemory
INFO: [VRFC 10-163] Analyzing VHDL file "/home/chenel/4A/Automates/compiler/microprocesseur/microprocesseur.srcs/sources_1/new/DataMemory.vhd" into library xil_defaultlib
INFO: [VRFC 10-307] analyzing entity DataMemory
INFO: [VRFC 10-163] Analyzing VHDL file "/home/chenel/4A/Automates/compiler/microprocesseur/microprocesseur.srcs/sources_1/new/DataMemory.vhd" into library xil_defaultlib
INFO: [VRFC 10-307] analyzing entity DataMemory
INFO: [VRFC 10-163] Analyzing VHDL file "/home/chenel/4A/Automates/compiler/microprocesseur/microprocesseur.srcs/sources_1/new/CPU.vhd" into library xil_defaultlib
INFO: [VRFC 10-307] analyzing entity CPU
INFO: [VRFC 10-163] Analyzing VHDL file "/home/chenel/4A/Automates/compiler/microprocesseur/microprocesseur.srcs/sources_1/new/InstructionMemory.vhd" into library xil_defaultlib
INFO: [VRFC 10-307] analyzing entity InstructionMemory
INFO: [VRFC 10-163] Analyzing VHDL file "/home/chenel/4A/Automates/compiler/microprocesseur/microprocesseur.srcs/sources_1/new/InstructionMemory.vhd" into library xil_defaultlib
INFO: [VRFC 10-307] analyzing entity InstructionMemory
INFO: [VRFC 10-163] Analyzing VHDL file "/home/chenel/4A/Automates/compiler/microprocesseur/microprocesseur.srcs/sources_1/new/ALU.vhd" into library xil_defaultlib
INFO: [VRFC 10-307] analyzing entity ALU
INFO: [VRFC 10-163] Analyzing VHDL file "/home/chenel/4A/Automates/compiler/microprocesseur/microprocesseur.srcs/sources_1/new/InstructionMemory.vhd" into library xil_defaultlib
INFO: [VRFC 10-307] analyzing entity InstructionMemory
INFO: [VRFC 10-163] Analyzing VHDL file "/home/chenel/4A/Automates/compiler/microprocesseur/microprocesseur.srcs/sources_1/new/ALU.vhd" into library xil_defaultlib
INFO: [VRFC 10-307] analyzing entity ALU
INFO: [VRFC 10-163] Analyzing VHDL file "/home/chenel/4A/Automates/compiler/microprocesseur/microprocesseur.srcs/sources_1/new/InstructionMemory.vhd" into library xil_defaultlib
INFO: [VRFC 10-307] analyzing entity InstructionMemory
INFO: [VRFC 10-163] Analyzing VHDL file "/home/chenel/4A/Automates/compiler/microprocesseur/microprocesseur.srcs/sources_1/new/InstructionMemory.vhd" into library xil_defaultlib
INFO: [VRFC 10-307] analyzing entity InstructionMemory
